04 14, 2020 11:35:33 上午 cn.how2j.diytomcat.Bootstrap logJVM
INFO : Server version:		How2J DiyTomcat/1.0.1
04 14, 2020 11:35:33 上午 cn.how2j.diytomcat.Bootstrap logJVM
INFO : Server built:		2020-04-08 10:20:22
04 14, 2020 11:35:33 上午 cn.how2j.diytomcat.Bootstrap logJVM
INFO : Server number:		1.0.1
04 14, 2020 11:35:33 上午 cn.how2j.diytomcat.Bootstrap logJVM
INFO : OS Name	:		Windows 10
04 14, 2020 11:35:33 上午 cn.how2j.diytomcat.Bootstrap logJVM
INFO : OS Version:		10.0
04 14, 2020 11:35:33 上午 cn.how2j.diytomcat.Bootstrap logJVM
INFO : Architecture:		x86
04 14, 2020 11:35:33 上午 cn.how2j.diytomcat.Bootstrap logJVM
INFO : Java Home:		D:\software\jdk8\jre
04 14, 2020 11:35:33 上午 cn.how2j.diytomcat.Bootstrap logJVM
INFO : JVM Version:		1.8.0_65-b17
04 14, 2020 11:35:33 上午 cn.how2j.diytomcat.Bootstrap logJVM
INFO : JVM Vendor:		Oracle Corporation
04 14, 2020 11:35:33 上午 cn.how2j.diytomcat.catalina.Context <init>
INFO : Deploying web application directory D:\project\diytomcat\webapps\a
04 14, 2020 11:35:33 上午 cn.how2j.diytomcat.catalina.Context <init>
INFO : Deployment of web application directory D:\project\diytomcat\webapps\a has finished in 0 ms
04 14, 2020 11:35:33 上午 cn.how2j.diytomcat.catalina.Context <init>
INFO : Deploying web application directory D:\project\diytomcat\webapps\ROOT
04 14, 2020 11:35:33 上午 cn.how2j.diytomcat.catalina.Context <init>
INFO : Deployment of web application directory D:\project\diytomcat\webapps\ROOT has finished in 0 ms
04 14, 2020 11:35:33 上午 cn.how2j.diytomcat.catalina.Context <init>
INFO : Deploying web application directory d:/project/diytomcat/b
04 14, 2020 11:35:33 上午 cn.how2j.diytomcat.catalina.Context <init>
INFO : Deployment of web application directory d:/project/diytomcat/b has finished in 0 ms
04 14, 2020 11:53:43 上午 cn.how2j.diytomcat.catalina.Context <init>
INFO : Deploying web application directory D:\project\diytomcat\webapps\a
04 14, 2020 11:53:43 上午 cn.how2j.diytomcat.catalina.Context <init>
INFO : Deployment of web application directory D:\project\diytomcat\webapps\a has finished in 80 ms
04 14, 2020 11:53:43 上午 cn.how2j.diytomcat.catalina.Context <init>
INFO : Deploying web application directory D:\project\diytomcat\webapps\ROOT
04 14, 2020 11:53:43 上午 cn.how2j.diytomcat.catalina.Context <init>
INFO : Deployment of web application directory D:\project\diytomcat\webapps\ROOT has finished in 0 ms
04 14, 2020 11:53:43 上午 cn.how2j.diytomcat.catalina.Context <init>
INFO : Deploying web application directory d:/project/diytomcat/b
04 14, 2020 11:53:43 上午 cn.how2j.diytomcat.catalina.Context <init>
INFO : Deployment of web application directory d:/project/diytomcat/b has finished in 0 ms
04 14, 2020 11:53:43 上午 cn.how2j.diytomcat.catalina.Server logJVM
INFO : Server version:		How2J DiyTomcat/1.0.1
04 14, 2020 11:53:43 上午 cn.how2j.diytomcat.catalina.Server logJVM
INFO : Server built:		2020-04-08 10:20:22
04 14, 2020 11:53:43 上午 cn.how2j.diytomcat.catalina.Server logJVM
INFO : Server number:		1.0.1
04 14, 2020 11:53:43 上午 cn.how2j.diytomcat.catalina.Server logJVM
INFO : OS Name	:		Windows 10
04 14, 2020 11:53:43 上午 cn.how2j.diytomcat.catalina.Server logJVM
INFO : OS Version:		10.0
04 14, 2020 11:53:43 上午 cn.how2j.diytomcat.catalina.Server logJVM
INFO : Architecture:		x86
04 14, 2020 11:53:43 上午 cn.how2j.diytomcat.catalina.Server logJVM
INFO : Java Home:		D:\software\jdk8\jre
04 14, 2020 11:53:43 上午 cn.how2j.diytomcat.catalina.Server logJVM
INFO : JVM Version:		1.8.0_65-b17
04 14, 2020 11:53:43 上午 cn.how2j.diytomcat.catalina.Server logJVM
INFO : JVM Vendor:		Oracle Corporation
04 14, 2020 11:53:43 上午 cn.how2j.diytomcat.catalina.Server error
ERROR: Address already in use: JVM_Bind
java.net.BindException: Address already in use: JVM_Bind
	at java.net.DualStackPlainSocketImpl.bind0(Native Method)
	at java.net.DualStackPlainSocketImpl.socketBind(DualStackPlainSocketImpl.java:106)
	at java.net.AbstractPlainSocketImpl.bind(AbstractPlainSocketImpl.java:387)
	at java.net.PlainSocketImpl.bind(PlainSocketImpl.java:190)
	at java.net.ServerSocket.bind(ServerSocket.java:375)
	at java.net.ServerSocket.<init>(ServerSocket.java:237)
	at java.net.ServerSocket.<init>(ServerSocket.java:128)
	at cn.how2j.diytomcat.catalina.Server.start(Server.java:33)
	at cn.how2j.diytomcat.Bootstrap.main(Bootstrap.java:8)
04 14, 2020 11:53:49 上午 cn.how2j.diytomcat.catalina.Context <init>
INFO : Deploying web application directory D:\project\diytomcat\webapps\a
04 14, 2020 11:53:49 上午 cn.how2j.diytomcat.catalina.Context <init>
INFO : Deployment of web application directory D:\project\diytomcat\webapps\a has finished in 87 ms
04 14, 2020 11:53:49 上午 cn.how2j.diytomcat.catalina.Context <init>
INFO : Deploying web application directory D:\project\diytomcat\webapps\ROOT
04 14, 2020 11:53:49 上午 cn.how2j.diytomcat.catalina.Context <init>
INFO : Deployment of web application directory D:\project\diytomcat\webapps\ROOT has finished in 1 ms
04 14, 2020 11:53:49 上午 cn.how2j.diytomcat.catalina.Context <init>
INFO : Deploying web application directory d:/project/diytomcat/b
04 14, 2020 11:53:49 上午 cn.how2j.diytomcat.catalina.Context <init>
INFO : Deployment of web application directory d:/project/diytomcat/b has finished in 1 ms
04 14, 2020 11:53:49 上午 cn.how2j.diytomcat.catalina.Server logJVM
INFO : Server version:		How2J DiyTomcat/1.0.1
04 14, 2020 11:53:49 上午 cn.how2j.diytomcat.catalina.Server logJVM
INFO : Server built:		2020-04-08 10:20:22
04 14, 2020 11:53:49 上午 cn.how2j.diytomcat.catalina.Server logJVM
INFO : Server number:		1.0.1
04 14, 2020 11:53:49 上午 cn.how2j.diytomcat.catalina.Server logJVM
INFO : OS Name	:		Windows 10
04 14, 2020 11:53:49 上午 cn.how2j.diytomcat.catalina.Server logJVM
INFO : OS Version:		10.0
04 14, 2020 11:53:49 上午 cn.how2j.diytomcat.catalina.Server logJVM
INFO : Architecture:		x86
04 14, 2020 11:53:49 上午 cn.how2j.diytomcat.catalina.Server logJVM
INFO : Java Home:		D:\software\jdk8\jre
04 14, 2020 11:53:49 上午 cn.how2j.diytomcat.catalina.Server logJVM
INFO : JVM Version:		1.8.0_65-b17
04 14, 2020 11:53:49 上午 cn.how2j.diytomcat.catalina.Server logJVM
INFO : JVM Vendor:		Oracle Corporation
04 14, 2020 11:58:52 上午 cn.how2j.diytomcat.catalina.Context <init>
INFO : Deploying web application directory D:\project\diytomcat\webapps\a
04 14, 2020 11:58:52 上午 cn.how2j.diytomcat.catalina.Context <init>
INFO : Deployment of web application directory D:\project\diytomcat\webapps\a has finished in 85 ms
04 14, 2020 11:58:52 上午 cn.how2j.diytomcat.catalina.Context <init>
INFO : Deploying web application directory D:\project\diytomcat\webapps\ROOT
04 14, 2020 11:58:52 上午 cn.how2j.diytomcat.catalina.Context <init>
INFO : Deployment of web application directory D:\project\diytomcat\webapps\ROOT has finished in 0 ms
04 14, 2020 11:58:52 上午 cn.how2j.diytomcat.catalina.Context <init>
INFO : Deploying web application directory d:/project/diytomcat/b
04 14, 2020 11:58:52 上午 cn.how2j.diytomcat.catalina.Context <init>
INFO : Deployment of web application directory d:/project/diytomcat/b has finished in 0 ms
04 14, 2020 11:58:52 上午 cn.how2j.diytomcat.catalina.Server logJVM
INFO : Server version:		How2J DiyTomcat/1.0.1
04 14, 2020 11:58:52 上午 cn.how2j.diytomcat.catalina.Server logJVM
INFO : Server built:		2020-04-08 10:20:22
04 14, 2020 11:58:52 上午 cn.how2j.diytomcat.catalina.Server logJVM
INFO : Server number:		1.0.1
04 14, 2020 11:58:52 上午 cn.how2j.diytomcat.catalina.Server logJVM
INFO : OS Name	:		Windows 10
04 14, 2020 11:58:52 上午 cn.how2j.diytomcat.catalina.Server logJVM
INFO : OS Version:		10.0
04 14, 2020 11:58:52 上午 cn.how2j.diytomcat.catalina.Server logJVM
INFO : Architecture:		x86
04 14, 2020 11:58:52 上午 cn.how2j.diytomcat.catalina.Server logJVM
INFO : Java Home:		D:\software\jdk8\jre
04 14, 2020 11:58:52 上午 cn.how2j.diytomcat.catalina.Server logJVM
INFO : JVM Version:		1.8.0_65-b17
04 14, 2020 11:58:52 上午 cn.how2j.diytomcat.catalina.Server logJVM
INFO : JVM Vendor:		Oracle Corporation
