04 13, 2020 10:54:52 上午 cn.how2j.diytomcat.Bootstrap logJVM
INFO : Server version:		How2J DiyTomcat/1.0.1
04 13, 2020 10:54:52 上午 cn.how2j.diytomcat.Bootstrap logJVM
INFO : Server built:		2020-04-08 10:20:22
04 13, 2020 10:54:52 上午 cn.how2j.diytomcat.Bootstrap logJVM
INFO : Server number:		1.0.1
04 13, 2020 10:54:52 上午 cn.how2j.diytomcat.Bootstrap logJVM
INFO : OS Name	:		Windows 10
04 13, 2020 10:54:52 上午 cn.how2j.diytomcat.Bootstrap logJVM
INFO : OS Version:		10.0
04 13, 2020 10:54:52 上午 cn.how2j.diytomcat.Bootstrap logJVM
INFO : Architecture:		x86
04 13, 2020 10:54:52 上午 cn.how2j.diytomcat.Bootstrap logJVM
INFO : Java Home:		D:\software\jdk8\jre
04 13, 2020 10:54:52 上午 cn.how2j.diytomcat.Bootstrap logJVM
INFO : JVM Version:		1.8.0_65-b17
04 13, 2020 10:54:52 上午 cn.how2j.diytomcat.Bootstrap logJVM
INFO : JVM Vendor:		Oracle Corporation
04 13, 2020 10:55:47 上午 cn.how2j.diytomcat.Bootstrap logJVM
INFO : Server version:		How2J DiyTomcat/1.0.1
04 13, 2020 10:55:47 上午 cn.how2j.diytomcat.Bootstrap logJVM
INFO : Server built:		2020-04-08 10:20:22
04 13, 2020 10:55:47 上午 cn.how2j.diytomcat.Bootstrap logJVM
INFO : Server number:		1.0.1
04 13, 2020 10:55:47 上午 cn.how2j.diytomcat.Bootstrap logJVM
INFO : OS Name	:		Windows 10
04 13, 2020 10:55:47 上午 cn.how2j.diytomcat.Bootstrap logJVM
INFO : OS Version:		10.0
04 13, 2020 10:55:47 上午 cn.how2j.diytomcat.Bootstrap logJVM
INFO : Architecture:		x86
04 13, 2020 10:55:47 上午 cn.how2j.diytomcat.Bootstrap logJVM
INFO : Java Home:		D:\software\jdk8\jre
04 13, 2020 10:55:47 上午 cn.how2j.diytomcat.Bootstrap logJVM
INFO : JVM Version:		1.8.0_65-b17
04 13, 2020 10:55:47 上午 cn.how2j.diytomcat.Bootstrap logJVM
INFO : JVM Vendor:		Oracle Corporation
04 13, 2020 10:58:30 上午 cn.how2j.diytomcat.Bootstrap logJVM
INFO : Server version:		How2J DiyTomcat/1.0.1
04 13, 2020 10:58:30 上午 cn.how2j.diytomcat.Bootstrap logJVM
INFO : Server built:		2020-04-08 10:20:22
04 13, 2020 10:58:30 上午 cn.how2j.diytomcat.Bootstrap logJVM
INFO : Server number:		1.0.1
04 13, 2020 10:58:30 上午 cn.how2j.diytomcat.Bootstrap logJVM
INFO : OS Name	:		Windows 10
04 13, 2020 10:58:30 上午 cn.how2j.diytomcat.Bootstrap logJVM
INFO : OS Version:		10.0
04 13, 2020 10:58:30 上午 cn.how2j.diytomcat.Bootstrap logJVM
INFO : Architecture:		x86
04 13, 2020 10:58:30 上午 cn.how2j.diytomcat.Bootstrap logJVM
INFO : Java Home:		D:\software\jdk8\jre
04 13, 2020 10:58:30 上午 cn.how2j.diytomcat.Bootstrap logJVM
INFO : JVM Version:		1.8.0_65-b17
04 13, 2020 10:58:30 上午 cn.how2j.diytomcat.Bootstrap logJVM
INFO : JVM Vendor:		Oracle Corporation
04 13, 2020 10:58:35 上午 cn.how2j.diytomcat.Bootstrap logJVM
INFO : Server version:		How2J DiyTomcat/1.0.1
04 13, 2020 10:58:35 上午 cn.how2j.diytomcat.Bootstrap logJVM
INFO : Server built:		2020-04-08 10:20:22
04 13, 2020 10:58:35 上午 cn.how2j.diytomcat.Bootstrap logJVM
INFO : Server number:		1.0.1
04 13, 2020 10:58:35 上午 cn.how2j.diytomcat.Bootstrap logJVM
INFO : OS Name	:		Windows 10
04 13, 2020 10:58:35 上午 cn.how2j.diytomcat.Bootstrap logJVM
INFO : OS Version:		10.0
04 13, 2020 10:58:35 上午 cn.how2j.diytomcat.Bootstrap logJVM
INFO : Architecture:		x86
04 13, 2020 10:58:35 上午 cn.how2j.diytomcat.Bootstrap logJVM
INFO : Java Home:		D:\software\jdk8\jre
04 13, 2020 10:58:35 上午 cn.how2j.diytomcat.Bootstrap logJVM
INFO : JVM Version:		1.8.0_65-b17
04 13, 2020 10:58:35 上午 cn.how2j.diytomcat.Bootstrap logJVM
INFO : JVM Vendor:		Oracle Corporation
04 13, 2020 10:58:39 上午 cn.how2j.diytomcat.Bootstrap logJVM
INFO : Server version:		How2J DiyTomcat/1.0.1
04 13, 2020 10:58:39 上午 cn.how2j.diytomcat.Bootstrap logJVM
INFO : Server built:		2020-04-08 10:20:22
04 13, 2020 10:58:39 上午 cn.how2j.diytomcat.Bootstrap logJVM
INFO : Server number:		1.0.1
04 13, 2020 10:58:39 上午 cn.how2j.diytomcat.Bootstrap logJVM
INFO : OS Name	:		Windows 10
04 13, 2020 10:58:39 上午 cn.how2j.diytomcat.Bootstrap logJVM
INFO : OS Version:		10.0
04 13, 2020 10:58:39 上午 cn.how2j.diytomcat.Bootstrap logJVM
INFO : Architecture:		x86
04 13, 2020 10:58:39 上午 cn.how2j.diytomcat.Bootstrap logJVM
INFO : Java Home:		D:\software\jdk8\jre
04 13, 2020 10:58:39 上午 cn.how2j.diytomcat.Bootstrap logJVM
INFO : JVM Version:		1.8.0_65-b17
04 13, 2020 10:58:39 上午 cn.how2j.diytomcat.Bootstrap logJVM
INFO : JVM Vendor:		Oracle Corporation
04 13, 2020 10:58:39 上午 cn.how2j.diytomcat.Bootstrap error
ERROR: Address already in use: JVM_Bind
java.net.BindException: Address already in use: JVM_Bind
	at java.net.DualStackPlainSocketImpl.bind0(Native Method)
	at java.net.DualStackPlainSocketImpl.socketBind(DualStackPlainSocketImpl.java:106)
	at java.net.AbstractPlainSocketImpl.bind(AbstractPlainSocketImpl.java:387)
	at java.net.PlainSocketImpl.bind(PlainSocketImpl.java:190)
	at java.net.ServerSocket.bind(ServerSocket.java:375)
	at java.net.ServerSocket.<init>(ServerSocket.java:237)
	at java.net.ServerSocket.<init>(ServerSocket.java:128)
	at cn.how2j.diytomcat.Bootstrap.main(Bootstrap.java:36)
04 13, 2020 11:17:24 上午 cn.how2j.diytomcat.Bootstrap logJVM
INFO : Server version:		How2J DiyTomcat/1.0.1
04 13, 2020 11:17:24 上午 cn.how2j.diytomcat.Bootstrap logJVM
INFO : Server built:		2020-04-08 10:20:22
04 13, 2020 11:17:24 上午 cn.how2j.diytomcat.Bootstrap logJVM
INFO : Server number:		1.0.1
04 13, 2020 11:17:24 上午 cn.how2j.diytomcat.Bootstrap logJVM
INFO : OS Name	:		Windows 10
04 13, 2020 11:17:24 上午 cn.how2j.diytomcat.Bootstrap logJVM
INFO : OS Version:		10.0
04 13, 2020 11:17:24 上午 cn.how2j.diytomcat.Bootstrap logJVM
INFO : Architecture:		x86
04 13, 2020 11:17:24 上午 cn.how2j.diytomcat.Bootstrap logJVM
INFO : Java Home:		D:\software\jdk8\jre
04 13, 2020 11:17:24 上午 cn.how2j.diytomcat.Bootstrap logJVM
INFO : JVM Version:		1.8.0_65-b17
04 13, 2020 11:17:24 上午 cn.how2j.diytomcat.Bootstrap logJVM
INFO : JVM Vendor:		Oracle Corporation
04 13, 2020 11:17:29 上午 cn.how2j.diytomcat.Bootstrap logJVM
INFO : Server version:		How2J DiyTomcat/1.0.1
04 13, 2020 11:17:29 上午 cn.how2j.diytomcat.Bootstrap logJVM
INFO : Server built:		2020-04-08 10:20:22
04 13, 2020 11:17:29 上午 cn.how2j.diytomcat.Bootstrap logJVM
INFO : Server number:		1.0.1
04 13, 2020 11:17:29 上午 cn.how2j.diytomcat.Bootstrap logJVM
INFO : OS Name	:		Windows 10
04 13, 2020 11:17:29 上午 cn.how2j.diytomcat.Bootstrap logJVM
INFO : OS Version:		10.0
04 13, 2020 11:17:29 上午 cn.how2j.diytomcat.Bootstrap logJVM
INFO : Architecture:		x86
04 13, 2020 11:17:29 上午 cn.how2j.diytomcat.Bootstrap logJVM
INFO : Java Home:		D:\software\jdk8\jre
04 13, 2020 11:17:29 上午 cn.how2j.diytomcat.Bootstrap logJVM
INFO : JVM Version:		1.8.0_65-b17
04 13, 2020 11:17:29 上午 cn.how2j.diytomcat.Bootstrap logJVM
INFO : JVM Vendor:		Oracle Corporation
04 13, 2020 11:17:29 上午 cn.how2j.diytomcat.Bootstrap error
ERROR: Address already in use: JVM_Bind
java.net.BindException: Address already in use: JVM_Bind
	at java.net.DualStackPlainSocketImpl.bind0(Native Method)
	at java.net.DualStackPlainSocketImpl.socketBind(DualStackPlainSocketImpl.java:106)
	at java.net.AbstractPlainSocketImpl.bind(AbstractPlainSocketImpl.java:387)
	at java.net.PlainSocketImpl.bind(PlainSocketImpl.java:190)
	at java.net.ServerSocket.bind(ServerSocket.java:375)
	at java.net.ServerSocket.<init>(ServerSocket.java:237)
	at java.net.ServerSocket.<init>(ServerSocket.java:128)
	at cn.how2j.diytomcat.Bootstrap.main(Bootstrap.java:36)
04 13, 2020 11:28:55 上午 cn.how2j.diytomcat.Bootstrap logJVM
INFO : Server version:		How2J DiyTomcat/1.0.1
04 13, 2020 11:28:55 上午 cn.how2j.diytomcat.Bootstrap logJVM
INFO : Server built:		2020-04-08 10:20:22
04 13, 2020 11:28:55 上午 cn.how2j.diytomcat.Bootstrap logJVM
INFO : Server number:		1.0.1
04 13, 2020 11:28:55 上午 cn.how2j.diytomcat.Bootstrap logJVM
INFO : OS Name	:		Windows 10
04 13, 2020 11:28:55 上午 cn.how2j.diytomcat.Bootstrap logJVM
INFO : OS Version:		10.0
04 13, 2020 11:28:55 上午 cn.how2j.diytomcat.Bootstrap logJVM
INFO : Architecture:		x86
04 13, 2020 11:28:55 上午 cn.how2j.diytomcat.Bootstrap logJVM
INFO : Java Home:		D:\software\jdk8\jre
04 13, 2020 11:28:55 上午 cn.how2j.diytomcat.Bootstrap logJVM
INFO : JVM Version:		1.8.0_65-b17
04 13, 2020 11:28:55 上午 cn.how2j.diytomcat.Bootstrap logJVM
INFO : JVM Vendor:		Oracle Corporation
04 13, 2020 11:28:55 上午 cn.how2j.diytomcat.Bootstrap error
ERROR: Address already in use: JVM_Bind
java.net.BindException: Address already in use: JVM_Bind
	at java.net.DualStackPlainSocketImpl.bind0(Native Method)
	at java.net.DualStackPlainSocketImpl.socketBind(DualStackPlainSocketImpl.java:106)
	at java.net.AbstractPlainSocketImpl.bind(AbstractPlainSocketImpl.java:387)
	at java.net.PlainSocketImpl.bind(PlainSocketImpl.java:190)
	at java.net.ServerSocket.bind(ServerSocket.java:375)
	at java.net.ServerSocket.<init>(ServerSocket.java:237)
	at java.net.ServerSocket.<init>(ServerSocket.java:128)
	at cn.how2j.diytomcat.Bootstrap.main(Bootstrap.java:37)
04 13, 2020 11:29:00 上午 cn.how2j.diytomcat.Bootstrap logJVM
INFO : Server version:		How2J DiyTomcat/1.0.1
04 13, 2020 11:29:00 上午 cn.how2j.diytomcat.Bootstrap logJVM
INFO : Server built:		2020-04-08 10:20:22
04 13, 2020 11:29:00 上午 cn.how2j.diytomcat.Bootstrap logJVM
INFO : Server number:		1.0.1
04 13, 2020 11:29:00 上午 cn.how2j.diytomcat.Bootstrap logJVM
INFO : OS Name	:		Windows 10
04 13, 2020 11:29:00 上午 cn.how2j.diytomcat.Bootstrap logJVM
INFO : OS Version:		10.0
04 13, 2020 11:29:00 上午 cn.how2j.diytomcat.Bootstrap logJVM
INFO : Architecture:		x86
04 13, 2020 11:29:00 上午 cn.how2j.diytomcat.Bootstrap logJVM
INFO : Java Home:		D:\software\jdk8\jre
04 13, 2020 11:29:00 上午 cn.how2j.diytomcat.Bootstrap logJVM
INFO : JVM Version:		1.8.0_65-b17
04 13, 2020 11:29:00 上午 cn.how2j.diytomcat.Bootstrap logJVM
INFO : JVM Vendor:		Oracle Corporation
04 13, 2020 11:31:03 上午 cn.how2j.diytomcat.Bootstrap logJVM
INFO : Server version:		How2J DiyTomcat/1.0.1
04 13, 2020 11:31:03 上午 cn.how2j.diytomcat.Bootstrap logJVM
INFO : Server built:		2020-04-08 10:20:22
04 13, 2020 11:31:03 上午 cn.how2j.diytomcat.Bootstrap logJVM
INFO : Server number:		1.0.1
04 13, 2020 11:31:03 上午 cn.how2j.diytomcat.Bootstrap logJVM
INFO : OS Name	:		Windows 10
04 13, 2020 11:31:03 上午 cn.how2j.diytomcat.Bootstrap logJVM
INFO : OS Version:		10.0
04 13, 2020 11:31:03 上午 cn.how2j.diytomcat.Bootstrap logJVM
INFO : Architecture:		x86
04 13, 2020 11:31:03 上午 cn.how2j.diytomcat.Bootstrap logJVM
INFO : Java Home:		D:\software\jdk8\jre
04 13, 2020 11:31:03 上午 cn.how2j.diytomcat.Bootstrap logJVM
INFO : JVM Version:		1.8.0_65-b17
04 13, 2020 11:31:03 上午 cn.how2j.diytomcat.Bootstrap logJVM
INFO : JVM Vendor:		Oracle Corporation
04 13, 2020 11:31:03 上午 cn.how2j.diytomcat.Bootstrap error
ERROR: Address already in use: JVM_Bind
java.net.BindException: Address already in use: JVM_Bind
	at java.net.DualStackPlainSocketImpl.bind0(Native Method)
	at java.net.DualStackPlainSocketImpl.socketBind(DualStackPlainSocketImpl.java:106)
	at java.net.AbstractPlainSocketImpl.bind(AbstractPlainSocketImpl.java:387)
	at java.net.PlainSocketImpl.bind(PlainSocketImpl.java:190)
	at java.net.ServerSocket.bind(ServerSocket.java:375)
	at java.net.ServerSocket.<init>(ServerSocket.java:237)
	at java.net.ServerSocket.<init>(ServerSocket.java:128)
	at cn.how2j.diytomcat.Bootstrap.main(Bootstrap.java:37)
04 13, 2020 11:31:15 上午 cn.how2j.diytomcat.Bootstrap logJVM
INFO : Server version:		How2J DiyTomcat/1.0.1
04 13, 2020 11:31:15 上午 cn.how2j.diytomcat.Bootstrap logJVM
INFO : Server built:		2020-04-08 10:20:22
04 13, 2020 11:31:15 上午 cn.how2j.diytomcat.Bootstrap logJVM
INFO : Server number:		1.0.1
04 13, 2020 11:31:15 上午 cn.how2j.diytomcat.Bootstrap logJVM
INFO : OS Name	:		Windows 10
04 13, 2020 11:31:15 上午 cn.how2j.diytomcat.Bootstrap logJVM
INFO : OS Version:		10.0
04 13, 2020 11:31:15 上午 cn.how2j.diytomcat.Bootstrap logJVM
INFO : Architecture:		x86
04 13, 2020 11:31:15 上午 cn.how2j.diytomcat.Bootstrap logJVM
INFO : Java Home:		D:\software\jdk8\jre
04 13, 2020 11:31:15 上午 cn.how2j.diytomcat.Bootstrap logJVM
INFO : JVM Version:		1.8.0_65-b17
04 13, 2020 11:31:15 上午 cn.how2j.diytomcat.Bootstrap logJVM
INFO : JVM Vendor:		Oracle Corporation
04 13, 2020 12:14:51 下午 cn.how2j.diytomcat.Bootstrap logJVM
INFO : Server version:		How2J DiyTomcat/1.0.1
04 13, 2020 12:14:51 下午 cn.how2j.diytomcat.Bootstrap logJVM
INFO : Server built:		2020-04-08 10:20:22
04 13, 2020 12:14:51 下午 cn.how2j.diytomcat.Bootstrap logJVM
INFO : Server number:		1.0.1
04 13, 2020 12:14:51 下午 cn.how2j.diytomcat.Bootstrap logJVM
INFO : OS Name	:		Windows 10
04 13, 2020 12:14:51 下午 cn.how2j.diytomcat.Bootstrap logJVM
INFO : OS Version:		10.0
04 13, 2020 12:14:51 下午 cn.how2j.diytomcat.Bootstrap logJVM
INFO : Architecture:		x86
04 13, 2020 12:14:51 下午 cn.how2j.diytomcat.Bootstrap logJVM
INFO : Java Home:		D:\software\jdk8\jre
04 13, 2020 12:14:51 下午 cn.how2j.diytomcat.Bootstrap logJVM
INFO : JVM Version:		1.8.0_65-b17
04 13, 2020 12:14:51 下午 cn.how2j.diytomcat.Bootstrap logJVM
INFO : JVM Vendor:		Oracle Corporation
04 13, 2020 16:34:43 下午 cn.how2j.diytomcat.Bootstrap logJVM
INFO : Server version:		How2J DiyTomcat/1.0.1
04 13, 2020 16:34:43 下午 cn.how2j.diytomcat.Bootstrap logJVM
INFO : Server built:		2020-04-08 10:20:22
04 13, 2020 16:34:43 下午 cn.how2j.diytomcat.Bootstrap logJVM
INFO : Server number:		1.0.1
04 13, 2020 16:34:43 下午 cn.how2j.diytomcat.Bootstrap logJVM
INFO : OS Name	:		Windows 10
04 13, 2020 16:34:43 下午 cn.how2j.diytomcat.Bootstrap logJVM
INFO : OS Version:		10.0
04 13, 2020 16:34:43 下午 cn.how2j.diytomcat.Bootstrap logJVM
INFO : Architecture:		x86
04 13, 2020 16:34:43 下午 cn.how2j.diytomcat.Bootstrap logJVM
INFO : Java Home:		D:\software\jdk8\jre
04 13, 2020 16:34:43 下午 cn.how2j.diytomcat.Bootstrap logJVM
INFO : JVM Version:		1.8.0_65-b17
04 13, 2020 16:34:43 下午 cn.how2j.diytomcat.Bootstrap logJVM
INFO : JVM Vendor:		Oracle Corporation
04 13, 2020 16:35:27 下午 cn.how2j.diytomcat.Bootstrap logJVM
INFO : Server version:		How2J DiyTomcat/1.0.1
04 13, 2020 16:35:27 下午 cn.how2j.diytomcat.Bootstrap logJVM
INFO : Server built:		2020-04-08 10:20:22
04 13, 2020 16:35:27 下午 cn.how2j.diytomcat.Bootstrap logJVM
INFO : Server number:		1.0.1
04 13, 2020 16:35:27 下午 cn.how2j.diytomcat.Bootstrap logJVM
INFO : OS Name	:		Windows 10
04 13, 2020 16:35:27 下午 cn.how2j.diytomcat.Bootstrap logJVM
INFO : OS Version:		10.0
04 13, 2020 16:35:27 下午 cn.how2j.diytomcat.Bootstrap logJVM
INFO : Architecture:		x86
04 13, 2020 16:35:27 下午 cn.how2j.diytomcat.Bootstrap logJVM
INFO : Java Home:		D:\software\jdk8\jre
04 13, 2020 16:35:27 下午 cn.how2j.diytomcat.Bootstrap logJVM
INFO : JVM Version:		1.8.0_65-b17
04 13, 2020 16:35:27 下午 cn.how2j.diytomcat.Bootstrap logJVM
INFO : JVM Vendor:		Oracle Corporation
04 13, 2020 16:35:33 下午 cn.how2j.diytomcat.Bootstrap logJVM
INFO : Server version:		How2J DiyTomcat/1.0.1
04 13, 2020 16:35:33 下午 cn.how2j.diytomcat.Bootstrap logJVM
INFO : Server built:		2020-04-08 10:20:22
04 13, 2020 16:35:33 下午 cn.how2j.diytomcat.Bootstrap logJVM
INFO : Server number:		1.0.1
04 13, 2020 16:35:33 下午 cn.how2j.diytomcat.Bootstrap logJVM
INFO : OS Name	:		Windows 10
04 13, 2020 16:35:33 下午 cn.how2j.diytomcat.Bootstrap logJVM
INFO : OS Version:		10.0
04 13, 2020 16:35:33 下午 cn.how2j.diytomcat.Bootstrap logJVM
INFO : Architecture:		x86
04 13, 2020 16:35:33 下午 cn.how2j.diytomcat.Bootstrap logJVM
INFO : Java Home:		D:\software\jdk8\jre
04 13, 2020 16:35:33 下午 cn.how2j.diytomcat.Bootstrap logJVM
INFO : JVM Version:		1.8.0_65-b17
04 13, 2020 16:35:33 下午 cn.how2j.diytomcat.Bootstrap logJVM
INFO : JVM Vendor:		Oracle Corporation
04 13, 2020 16:36:45 下午 cn.how2j.diytomcat.Bootstrap logJVM
INFO : Server version:		How2J DiyTomcat/1.0.1
04 13, 2020 16:36:45 下午 cn.how2j.diytomcat.Bootstrap logJVM
INFO : Server built:		2020-04-08 10:20:22
04 13, 2020 16:36:45 下午 cn.how2j.diytomcat.Bootstrap logJVM
INFO : Server number:		1.0.1
04 13, 2020 16:36:45 下午 cn.how2j.diytomcat.Bootstrap logJVM
INFO : OS Name	:		Windows 10
04 13, 2020 16:36:45 下午 cn.how2j.diytomcat.Bootstrap logJVM
INFO : OS Version:		10.0
04 13, 2020 16:36:45 下午 cn.how2j.diytomcat.Bootstrap logJVM
INFO : Architecture:		x86
04 13, 2020 16:36:45 下午 cn.how2j.diytomcat.Bootstrap logJVM
INFO : Java Home:		D:\software\jdk8\jre
04 13, 2020 16:36:45 下午 cn.how2j.diytomcat.Bootstrap logJVM
INFO : JVM Version:		1.8.0_65-b17
04 13, 2020 16:36:45 下午 cn.how2j.diytomcat.Bootstrap logJVM
INFO : JVM Vendor:		Oracle Corporation
04 13, 2020 16:38:17 下午 cn.how2j.diytomcat.Bootstrap logJVM
INFO : Server version:		How2J DiyTomcat/1.0.1
04 13, 2020 16:38:17 下午 cn.how2j.diytomcat.Bootstrap logJVM
INFO : Server built:		2020-04-08 10:20:22
04 13, 2020 16:38:17 下午 cn.how2j.diytomcat.Bootstrap logJVM
INFO : Server number:		1.0.1
04 13, 2020 16:38:17 下午 cn.how2j.diytomcat.Bootstrap logJVM
INFO : OS Name	:		Windows 10
04 13, 2020 16:38:17 下午 cn.how2j.diytomcat.Bootstrap logJVM
INFO : OS Version:		10.0
04 13, 2020 16:38:17 下午 cn.how2j.diytomcat.Bootstrap logJVM
INFO : Architecture:		x86
04 13, 2020 16:38:17 下午 cn.how2j.diytomcat.Bootstrap logJVM
INFO : Java Home:		D:\software\jdk8\jre
04 13, 2020 16:38:17 下午 cn.how2j.diytomcat.Bootstrap logJVM
INFO : JVM Version:		1.8.0_65-b17
04 13, 2020 16:38:17 下午 cn.how2j.diytomcat.Bootstrap logJVM
INFO : JVM Vendor:		Oracle Corporation
04 13, 2020 17:05:18 下午 cn.how2j.diytomcat.Bootstrap logJVM
INFO : Server version:		How2J DiyTomcat/1.0.1
04 13, 2020 17:05:18 下午 cn.how2j.diytomcat.Bootstrap logJVM
INFO : Server built:		2020-04-08 10:20:22
04 13, 2020 17:05:18 下午 cn.how2j.diytomcat.Bootstrap logJVM
INFO : Server number:		1.0.1
04 13, 2020 17:05:18 下午 cn.how2j.diytomcat.Bootstrap logJVM
INFO : OS Name	:		Windows 10
04 13, 2020 17:05:18 下午 cn.how2j.diytomcat.Bootstrap logJVM
INFO : OS Version:		10.0
04 13, 2020 17:05:18 下午 cn.how2j.diytomcat.Bootstrap logJVM
INFO : Architecture:		x86
04 13, 2020 17:05:18 下午 cn.how2j.diytomcat.Bootstrap logJVM
INFO : Java Home:		D:\software\jdk8\jre
04 13, 2020 17:05:18 下午 cn.how2j.diytomcat.Bootstrap logJVM
INFO : JVM Version:		1.8.0_65-b17
04 13, 2020 17:05:18 下午 cn.how2j.diytomcat.Bootstrap logJVM
INFO : JVM Vendor:		Oracle Corporation
04 13, 2020 17:05:18 下午 cn.how2j.diytomcat.catalina.Context <init>
INFO : Deploying web application directory D:\project\diytomcat\webapps\a
04 13, 2020 17:05:18 下午 cn.how2j.diytomcat.catalina.Context <init>
INFO : Deployment of web application directory D:\project\diytomcat\webapps\a has finished in 0 ms
04 13, 2020 17:05:18 下午 cn.how2j.diytomcat.catalina.Context <init>
INFO : Deploying web application directory D:\project\diytomcat\webapps\ROOT
04 13, 2020 17:05:18 下午 cn.how2j.diytomcat.catalina.Context <init>
INFO : Deployment of web application directory D:\project\diytomcat\webapps\ROOT has finished in 0 ms
04 13, 2020 17:09:59 下午 cn.how2j.diytomcat.Bootstrap logJVM
INFO : Server version:		How2J DiyTomcat/1.0.1
04 13, 2020 17:09:59 下午 cn.how2j.diytomcat.Bootstrap logJVM
INFO : Server built:		2020-04-08 10:20:22
04 13, 2020 17:09:59 下午 cn.how2j.diytomcat.Bootstrap logJVM
INFO : Server number:		1.0.1
04 13, 2020 17:09:59 下午 cn.how2j.diytomcat.Bootstrap logJVM
INFO : OS Name	:		Windows 10
04 13, 2020 17:09:59 下午 cn.how2j.diytomcat.Bootstrap logJVM
INFO : OS Version:		10.0
04 13, 2020 17:09:59 下午 cn.how2j.diytomcat.Bootstrap logJVM
INFO : Architecture:		x86
04 13, 2020 17:09:59 下午 cn.how2j.diytomcat.Bootstrap logJVM
INFO : Java Home:		D:\software\jdk8\jre
04 13, 2020 17:09:59 下午 cn.how2j.diytomcat.Bootstrap logJVM
INFO : JVM Version:		1.8.0_65-b17
04 13, 2020 17:09:59 下午 cn.how2j.diytomcat.Bootstrap logJVM
INFO : JVM Vendor:		Oracle Corporation
04 13, 2020 17:09:59 下午 cn.how2j.diytomcat.catalina.Context <init>
INFO : Deploying web application directory D:\project\diytomcat\webapps\a
04 13, 2020 17:09:59 下午 cn.how2j.diytomcat.catalina.Context <init>
INFO : Deployment of web application directory D:\project\diytomcat\webapps\a has finished in 0 ms
04 13, 2020 17:09:59 下午 cn.how2j.diytomcat.catalina.Context <init>
INFO : Deploying web application directory D:\project\diytomcat\webapps\ROOT
04 13, 2020 17:09:59 下午 cn.how2j.diytomcat.catalina.Context <init>
INFO : Deployment of web application directory D:\project\diytomcat\webapps\ROOT has finished in 1 ms
04 13, 2020 17:11:32 下午 cn.how2j.diytomcat.Bootstrap logJVM
INFO : Server version:		How2J DiyTomcat/1.0.1
04 13, 2020 17:11:32 下午 cn.how2j.diytomcat.Bootstrap logJVM
INFO : Server built:		2020-04-08 10:20:22
04 13, 2020 17:11:32 下午 cn.how2j.diytomcat.Bootstrap logJVM
INFO : Server number:		1.0.1
04 13, 2020 17:11:32 下午 cn.how2j.diytomcat.Bootstrap logJVM
INFO : OS Name	:		Windows 10
04 13, 2020 17:11:32 下午 cn.how2j.diytomcat.Bootstrap logJVM
INFO : OS Version:		10.0
04 13, 2020 17:11:32 下午 cn.how2j.diytomcat.Bootstrap logJVM
INFO : Architecture:		x86
04 13, 2020 17:11:32 下午 cn.how2j.diytomcat.Bootstrap logJVM
INFO : Java Home:		D:\software\jdk8\jre
04 13, 2020 17:11:32 下午 cn.how2j.diytomcat.Bootstrap logJVM
INFO : JVM Version:		1.8.0_65-b17
04 13, 2020 17:11:32 下午 cn.how2j.diytomcat.Bootstrap logJVM
INFO : JVM Vendor:		Oracle Corporation
04 13, 2020 17:11:32 下午 cn.how2j.diytomcat.catalina.Context <init>
INFO : Deploying web application directory D:\project\diytomcat\webapps\a
04 13, 2020 17:11:32 下午 cn.how2j.diytomcat.catalina.Context <init>
INFO : Deployment of web application directory D:\project\diytomcat\webapps\a has finished in 0 ms
04 13, 2020 17:11:32 下午 cn.how2j.diytomcat.catalina.Context <init>
INFO : Deploying web application directory D:\project\diytomcat\webapps\ROOT
04 13, 2020 17:11:32 下午 cn.how2j.diytomcat.catalina.Context <init>
INFO : Deployment of web application directory D:\project\diytomcat\webapps\ROOT has finished in 0 ms
04 13, 2020 19:01:10 下午 cn.how2j.diytomcat.Bootstrap logJVM
INFO : Server version:		How2J DiyTomcat/1.0.1
04 13, 2020 19:01:10 下午 cn.how2j.diytomcat.Bootstrap logJVM
INFO : Server built:		2020-04-08 10:20:22
04 13, 2020 19:01:10 下午 cn.how2j.diytomcat.Bootstrap logJVM
INFO : Server number:		1.0.1
04 13, 2020 19:01:10 下午 cn.how2j.diytomcat.Bootstrap logJVM
INFO : OS Name	:		Windows 10
04 13, 2020 19:01:10 下午 cn.how2j.diytomcat.Bootstrap logJVM
INFO : OS Version:		10.0
04 13, 2020 19:01:10 下午 cn.how2j.diytomcat.Bootstrap logJVM
INFO : Architecture:		x86
04 13, 2020 19:01:10 下午 cn.how2j.diytomcat.Bootstrap logJVM
INFO : Java Home:		D:\software\jdk8\jre
04 13, 2020 19:01:10 下午 cn.how2j.diytomcat.Bootstrap logJVM
INFO : JVM Version:		1.8.0_65-b17
04 13, 2020 19:01:10 下午 cn.how2j.diytomcat.Bootstrap logJVM
INFO : JVM Vendor:		Oracle Corporation
04 13, 2020 19:01:10 下午 cn.how2j.diytomcat.catalina.Context <init>
INFO : Deploying web application directory D:\project\diytomcat\webapps\a
04 13, 2020 19:01:10 下午 cn.how2j.diytomcat.catalina.Context <init>
INFO : Deployment of web application directory D:\project\diytomcat\webapps\a has finished in 1 ms
04 13, 2020 19:01:10 下午 cn.how2j.diytomcat.catalina.Context <init>
INFO : Deploying web application directory D:\project\diytomcat\webapps\ROOT
04 13, 2020 19:01:10 下午 cn.how2j.diytomcat.catalina.Context <init>
INFO : Deployment of web application directory D:\project\diytomcat\webapps\ROOT has finished in 0 ms
04 13, 2020 19:01:56 下午 cn.how2j.diytomcat.Bootstrap logJVM
INFO : Server version:		How2J DiyTomcat/1.0.1
04 13, 2020 19:01:56 下午 cn.how2j.diytomcat.Bootstrap logJVM
INFO : Server built:		2020-04-08 10:20:22
04 13, 2020 19:01:56 下午 cn.how2j.diytomcat.Bootstrap logJVM
INFO : Server number:		1.0.1
04 13, 2020 19:01:56 下午 cn.how2j.diytomcat.Bootstrap logJVM
INFO : OS Name	:		Windows 10
04 13, 2020 19:01:56 下午 cn.how2j.diytomcat.Bootstrap logJVM
INFO : OS Version:		10.0
04 13, 2020 19:01:56 下午 cn.how2j.diytomcat.Bootstrap logJVM
INFO : Architecture:		x86
04 13, 2020 19:01:56 下午 cn.how2j.diytomcat.Bootstrap logJVM
INFO : Java Home:		D:\software\jdk8\jre
04 13, 2020 19:01:56 下午 cn.how2j.diytomcat.Bootstrap logJVM
INFO : JVM Version:		1.8.0_65-b17
04 13, 2020 19:01:56 下午 cn.how2j.diytomcat.Bootstrap logJVM
INFO : JVM Vendor:		Oracle Corporation
04 13, 2020 19:01:56 下午 cn.how2j.diytomcat.catalina.Context <init>
INFO : Deploying web application directory D:\project\diytomcat\webapps\a
04 13, 2020 19:01:56 下午 cn.how2j.diytomcat.catalina.Context <init>
INFO : Deployment of web application directory D:\project\diytomcat\webapps\a has finished in 0 ms
04 13, 2020 19:01:56 下午 cn.how2j.diytomcat.catalina.Context <init>
INFO : Deploying web application directory D:\project\diytomcat\webapps\ROOT
04 13, 2020 19:01:56 下午 cn.how2j.diytomcat.catalina.Context <init>
INFO : Deployment of web application directory D:\project\diytomcat\webapps\ROOT has finished in 0 ms
04 13, 2020 19:01:56 下午 cn.how2j.diytomcat.catalina.Context <init>
INFO : Deploying web application directory d:/project/diytomcat/b
04 13, 2020 19:01:56 下午 cn.how2j.diytomcat.catalina.Context <init>
INFO : Deployment of web application directory d:/project/diytomcat/b has finished in 1 ms
